Cristina Haase,35
Alyssa Coombe,62
Emiliano Massey,63
Jewel Patton,59
Judah Cochran,75
Dane Ferguson,86
Mathias Kerr,68
Yaretzi Gardner,74
Junior Sims,34
Javion Cummings,54
Kevin Hernandez,70
Miya Herrera,50
Gia Stout,42
Gavin Tucker,48
Kaylee Mcdonald,60
Emery Pope,57
Fabian Huffman,47
Norah Thomas,46
Brittany Krueger,66
Daniela Humphrey,36
Cesar Baxter,74
Sherlyn Wagner,42
Marely Villarreal,52
Lorenzo Ritter,67
Sonia Dillon,37
Hailey Vazquez,42
Noe Costa,80
Brenton Hunter,73
Paxton Donovan,81
Martin Cherry,91
